<?xml version="1.0" encoding="UTF-8"?>
<testsuite xmlns:xsi="http://www.w3.org/2001/XMLSchema-instance" xsi:noNamespaceSchemaLocation="https://maven.apache.org/surefire/maven-surefire-plugin/xsd/surefire-test-report.xsd" version="3.0.2" name="com.healthos.usermgmt.integration.PhoneRegistrationIT" time="0.007" tests="1" errors="0" skipped="1" failures="0">
  <properties/>
  <testcase name="phoneRegistrationFlow_createsUserAndProfile" classname="com.healthos.usermgmt.integration.PhoneRegistrationIT" time="0.0">
    <skipped message="disabledWithoutDocker is true and Docker is not available"/>
    <system-out><![CDATA[14:19:22.950 [main] INFO org.testcontainers.DockerClientFactory -- Testcontainers version: 1.20.6
14:19:23.399 [main] INFO org.testcontainers.dockerclient.DockerMachineClientProviderStrategy -- docker-machine executable was not found on PATH ([/tmp/flutter-sdk/bin, /tmp/flutter-sdk/bin, /tmp/flutter-sdk/bin, /home/pras/.local/bin, /home/pras/.local/bin, /home/pras/.local/bin, /usr/share/cursor/resources/app/resources/helpers, /home/pras/.local/bin, /home/pras/.local/bin, /home/pras/.nvm/versions/node/v22.22.3/bin, /home/pras/.local/bin, /home/pras/.local/bin, /home/pras/.local/bin, /usr/local/sbin, /usr/local/bin, /usr/sbin, /usr/bin, /sbin, /bin, /usr/games, /usr/local/games, /snap/bin, /snap/bin, /home/pras/Android/Sdk/platform-tools, /home/pras/Android/Sdk/emulator, /home/pras/Android/Sdk/platform-tools, /home/pras/Android/Sdk/emulator])
14:19:23.400 [main] ERROR org.testcontainers.dockerclient.DockerClientProviderStrategy -- Could not find a valid Docker environment. Please check configuration. Attempted configurations were:
	UnixSocketClientProviderStrategy: failed with exception BadRequestException (Status 400: {"message":"client version 1.32 is too old. Minimum supported API version is 1.40, please upgrade your client to a newer version"}
)
	DockerDesktopClientProviderStrategy: failed with exception NullPointerException (Cannot invoke "java.nio.file.Path.toString()" because the return value of "org.testcontainers.dockerclient.DockerDesktopClientProviderStrategy.getSocketPath()" is null)As no valid configuration was found, execution cannot continue.
See https://java.testcontainers.org/on_failure.html for more details.
]]></system-out>
  </testcase>
</testsuite>